# JRE version: OpenJDK Runtime Environment (21.0.5) (build 21.0.5+-13047016-b750.29)
# Java VM: OpenJDK 64-Bit Server VM (21.0.5+-13047016-b750.29, mixed mode, tiered, compressed oops, compressed class ptrs, g1 gc, windows-amd64)
GC Precious Log:
 CardTable entry size: 512
 Card Set container configuration: InlinePtr #cards 5 size 8 Array Of Cards #cards 12 size 40 Howl #buckets 4 coarsen threshold 1843 Howl Bitmap #cards 512 size 80 coarsen threshold 460 Card regions per heap region 1 cards per card region 2048
 CPUs: 8 total, 8 available
 Memory: 5877M
 Large Page Support: Disabled
 NUMA Support: Disabled
 Compressed Oops: Enabled (32-bit)
 Heap Region Size: 1M
 Heap Min Capacity: 8M
 Heap Initial Capacity: 92M
 Heap Max Capacity: 1470M
 Pre-touch: Disabled
 Parallel Workers: 8
 Concurrent Workers: 2
 Concurrent Refinement Workers: 8
 Periodic GC: Disabled
Heap:
 garbage-first heap   total 51200K, used 31561K [0x00000000a4200000, 0x0000000100000000)
  region size 1024K, 6 young (6144K), 3 survivors (3072K)
 Metaspace       used 55492K, committed 56192K, reserved 1114112K
  class space    used 6532K, committed 6848K, reserved 1048576K
GC Heap History (20 events):
Event: 3.655 GC heap before
{Heap before GC invocations=7 (full 0):
 garbage-first heap   total 40960K, used 32981K [0x00000000a4200000, 0x0000000100000000)
  region size 1024K, 19 young (19456K), 2 survivors (2048K)
 Metaspace       used 35514K, committed 35840K, reserved 1114112K
  class space    used 4188K, committed 4352K, reserved 1048576K
}
Event: 3.661 GC heap after
{Heap after GC invocations=8 (full 0):
 garbage-first heap   total 40960K, used 18238K [0x00000000a4200000, 0x0000000100000000)
  region size 1024K, 3 young (3072K), 3 survivors (3072K)
 Metaspace       used 35514K, committed 35840K, reserved 1114112K
  class space    used 4188K, committed 4352K, reserved 1048576K
}
Event: 3.686 GC heap before
{Heap before GC invocations=8 (full 0):
 garbage-first heap   total 40960K, used 18238K [0x00000000a4200000, 0x0000000100000000)
  region size 1024K, 4 young (4096K), 3 survivors (3072K)
 Metaspace       used 35687K, committed 35968K, reserved 1114112K
  class space    used 4207K, committed 4352K, reserved 1048576K
}
Event: 3.691 GC heap after
{Heap after GC invocations=9 (full 0):
 garbage-first heap   total 40960K, used 18972K [0x00000000a4200000, 0x0000000100000000)
  region size 1024K, 1 young (1024K), 1 survivors (1024K)
 Metaspace       used 35687K, committed 35968K, reserved 1114112K
  class space    used 4207K, committed 4352K, reserved 1048576K
}
Event: 4.552 GC heap before
{Heap before GC invocations=10 (full 0):
 garbage-first heap   total 40960K, used 35356K [0x00000000a4200000, 0x0000000100000000)
  region size 1024K, 17 young (17408K), 1 survivors (1024K)
 Metaspace       used 37781K, committed 38400K, reserved 1114112K
  class space    used 4546K, committed 4864K, reserved 1048576K
}
Event: 4.556 GC heap after
{Heap after GC invocations=11 (full 0):
 garbage-first heap   total 40960K, used 19429K [0x00000000a4200000, 0x0000000100000000)
  region size 1024K, 1 young (1024K), 1 survivors (1024K)
 Metaspace       used 37781K, committed 38400K, reserved 1114112K
  class space    used 4546K, committed 4864K, reserved 1048576K
}
Event: 5.277 GC heap before
{Heap before GC invocations=11 (full 0):
 garbage-first heap   total 40960K, used 34789K [0x00000000a4200000, 0x0000000100000000)
  region size 1024K, 17 young (17408K), 1 survivors (1024K)
 Metaspace       used 42333K, committed 43008K, reserved 1114112K
  class space    used 5121K, committed 5440K, reserved 1048576K
}
Event: 5.284 GC heap after
{Heap after GC invocations=12 (full 0):
 garbage-first heap   total 40960K, used 20246K [0x00000000a4200000, 0x0000000100000000)
  region size 1024K, 3 young (3072K), 3 survivors (3072K)
 Metaspace       used 42333K, committed 43008K, reserved 1114112K
  class space    used 5121K, committed 5440K, reserved 1048576K
}
Event: 5.547 GC heap before
{Heap before GC invocations=12 (full 0):
 garbage-first heap   total 40960K, used 26390K [0x00000000a4200000, 0x0000000100000000)
  region size 1024K, 10 young (10240K), 3 survivors (3072K)
 Metaspace       used 43722K, committed 44480K, reserved 1114112K
  class space    used 5282K, committed 5632K, reserved 1048576K
}
Event: 5.553 GC heap after
{Heap after GC invocations=13 (full 0):
 garbage-first heap   total 40960K, used 21078K [0x00000000a4200000, 0x0000000100000000)
  region size 1024K, 2 young (2048K), 2 survivors (2048K)
 Metaspace       used 43722K, committed 44480K, reserved 1114112K
  class space    used 5282K, committed 5632K, reserved 1048576K
}
Event: 5.952 GC heap before
{Heap before GC invocations=14 (full 0):
 garbage-first heap   total 40960K, used 36438K [0x00000000a4200000, 0x0000000100000000)
  region size 1024K, 15 young (15360K), 2 survivors (2048K)
 Metaspace       used 46007K, committed 46720K, reserved 1114112K
  class space    used 5534K, committed 5888K, reserved 1048576K
}
Event: 5.960 GC heap after
{Heap after GC invocations=15 (full 0):
 garbage-first heap   total 51200K, used 24829K [0x00000000a4200000, 0x0000000100000000)
  region size 1024K, 2 young (2048K), 2 survivors (2048K)
 Metaspace       used 46007K, committed 46720K, reserved 1114112K
  class space    used 5534K, committed 5888K, reserved 1048576K
}
Event: 6.079 GC heap before
{Heap before GC invocations=15 (full 0):
 garbage-first heap   total 51200K, used 41213K [0x00000000a4200000, 0x0000000100000000)
  region size 1024K, 18 young (18432K), 2 survivors (2048K)
 Metaspace       used 46077K, committed 46784K, reserved 1114112K
  class space    used 5534K, committed 5888K, reserved 1048576K
}
Event: 6.086 GC heap after
{Heap after GC invocations=16 (full 0):
 garbage-first heap   total 51200K, used 25580K [0x00000000a4200000, 0x0000000100000000)
  region size 1024K, 2 young (2048K), 2 survivors (2048K)
 Metaspace       used 46077K, committed 46784K, reserved 1114112K
  class space    used 5534K, committed 5888K, reserved 1048576K
}
Event: 6.563 GC heap before
{Heap before GC invocations=16 (full 0):
 garbage-first heap   total 51200K, used 41964K [0x00000000a4200000, 0x0000000100000000)
  region size 1024K, 19 young (19456K), 2 survivors (2048K)
 Metaspace       used 47675K, committed 48384K, reserved 1114112K
  class space    used 5702K, committed 6016K, reserved 1048576K
}
Event: 6.569 GC heap after
{Heap after GC invocations=17 (full 0):
 garbage-first heap   total 51200K, used 26515K [0x00000000a4200000, 0x0000000100000000)
  region size 1024K, 2 young (2048K), 2 survivors (2048K)
 Metaspace       used 47675K, committed 48384K, reserved 1114112K
  class space    used 5702K, committed 6016K, reserved 1048576K
}
Event: 7.531 GC heap before
{Heap before GC invocations=18 (full 0):
 garbage-first heap   total 51200K, used 41875K [0x00000000a4200000, 0x0000000100000000)
  region size 1024K, 18 young (18432K), 2 survivors (2048K)
 Metaspace       used 51800K, committed 52480K, reserved 1114112K
  class space    used 6152K, committed 6464K, reserved 1048576K
}
Event: 7.538 GC heap after
{Heap after GC invocations=19 (full 0):
 garbage-first heap   total 51200K, used 27741K [0x00000000a4200000, 0x0000000100000000)
  region size 1024K, 3 young (3072K), 3 survivors (3072K)
 Metaspace       used 51800K, committed 52480K, reserved 1114112K
  class space    used 6152K, committed 6464K, reserved 1048576K
}
Event: 8.027 GC heap before
{Heap before GC invocations=19 (full 0):
 garbage-first heap   total 51200K, used 43101K [0x00000000a4200000, 0x0000000100000000)
  region size 1024K, 19 young (19456K), 3 survivors (3072K)
 Metaspace       used 54696K, committed 55424K, reserved 1114112K
  class space    used 6427K, committed 6784K, reserved 1048576K
}
Event: 8.040 GC heap after
{Heap after GC invocations=20 (full 0):
 garbage-first heap   total 51200K, used 29513K [0x00000000a4200000, 0x0000000100000000)
  region size 1024K, 3 young (3072K), 3 survivors (3072K)
 Metaspace       used 54696K, committed 55424K, reserved 1114112K
  class space    used 6427K, committed 6784K, reserved 1048576K
}

